# JRE version: OpenJDK Runtime Environment Temurin-17.0.10+7 (17.0.10+7) (build 17.0.10+7)
# Java VM: OpenJDK 64-Bit Server VM Temurin-17.0.10+7 (17.0.10+7, mixed mode, emulated-client, tiered, compressed oops, compressed class ptrs, g1 gc, windows-amd64)
GC Precious Log:
 CPUs: 4 total, 4 available
 Memory: 7384M
 Large Page Support: Disabled
 NUMA Support: Disabled
 Compressed Oops: Enabled (32-bit)
 Heap Region Size: 1M
 Heap Min Capacity: 8M
 Heap Initial Capacity: 116M
 Heap Max Capacity: 1G
 Pre-touch: Disabled
 Parallel Workers: 4
 Concurrent Workers: 1
 Concurrent Refinement Workers: 4
 Periodic GC: Disabled
Heap:
 garbage-first heap   total 104448K, used 39506K [0x00000000c0000000, 0x0000000100000000)
  region size 1024K, 1 young (1024K), 0 survivors (0K)
 Metaspace       used 61066K, committed 61632K, reserved 1114112K
  class space    used 7653K, committed 7936K, reserved 1048576K
GC Heap History (20 events):
Event: 15833.979 GC heap before
{Heap before GC invocations=1821 (full 787):
 garbage-first heap   total 104448K, used 39506K [0x00000000c0000000, 0x0000000100000000)
  region size 1024K, 1 young (1024K), 0 survivors (0K)
 Metaspace       used 61066K, committed 61632K, reserved 1114112K
  class space    used 7653K, committed 7936K, reserved 1048576K
}
Event: 15834.015 GC heap after
{Heap after GC invocations=1822 (full 788):
 garbage-first heap   total 104448K, used 39506K [0x00000000c0000000, 0x0000000100000000)
  region size 1024K, 0 young (0K), 0 survivors (0K)
 Metaspace       used 61066K, committed 61632K, reserved 1114112K
  class space    used 7653K, committed 7936K, reserved 1048576K
}
Event: 15844.093 GC heap before
{Heap before GC invocations=1822 (full 788):
 garbage-first heap   total 104448K, used 39506K [0x00000000c0000000, 0x0000000100000000)
  region size 1024K, 1 young (1024K), 0 survivors (0K)
 Metaspace       used 61066K, committed 61632K, reserved 1114112K
  class space    used 7653K, committed 7936K, reserved 1048576K
}
Event: 15844.131 GC heap after
{Heap after GC invocations=1823 (full 789):
 garbage-first heap   total 104448K, used 39506K [0x00000000c0000000, 0x0000000100000000)
  region size 1024K, 0 young (0K), 0 survivors (0K)
 Metaspace       used 61066K, committed 61632K, reserved 1114112K
  class space    used 7653K, committed 7936K, reserved 1048576K
}
Event: 15854.212 GC heap before
{Heap before GC invocations=1823 (full 789):
 garbage-first heap   total 104448K, used 39506K [0x00000000c0000000, 0x0000000100000000)
  region size 1024K, 1 young (1024K), 0 survivors (0K)
 Metaspace       used 61066K, committed 61632K, reserved 1114112K
  class space    used 7653K, committed 7936K, reserved 1048576K
}
Event: 15854.248 GC heap after
{Heap after GC invocations=1824 (full 790):
 garbage-first heap   total 104448K, used 39506K [0x00000000c0000000, 0x0000000100000000)
  region size 1024K, 0 young (0K), 0 survivors (0K)
 Metaspace       used 61066K, committed 61632K, reserved 1114112K
  class space    used 7653K, committed 7936K, reserved 1048576K
}
Event: 15864.329 GC heap before
{Heap before GC invocations=1824 (full 790):
 garbage-first heap   total 104448K, used 39506K [0x00000000c0000000, 0x0000000100000000)
  region size 1024K, 1 young (1024K), 0 survivors (0K)
 Metaspace       used 61066K, committed 61632K, reserved 1114112K
  class space    used 7653K, committed 7936K, reserved 1048576K
}
Event: 15864.368 GC heap after
{Heap after GC invocations=1825 (full 791):
 garbage-first heap   total 104448K, used 39506K [0x00000000c0000000, 0x0000000100000000)
  region size 1024K, 0 young (0K), 0 survivors (0K)
 Metaspace       used 61066K, committed 61632K, reserved 1114112K
  class space    used 7653K, committed 7936K, reserved 1048576K
}
Event: 15874.456 GC heap before
{Heap before GC invocations=1825 (full 791):
 garbage-first heap   total 104448K, used 39506K [0x00000000c0000000, 0x0000000100000000)
  region size 1024K, 1 young (1024K), 0 survivors (0K)
 Metaspace       used 61066K, committed 61632K, reserved 1114112K
  class space    used 7653K, committed 7936K, reserved 1048576K
}
Event: 15874.492 GC heap after
{Heap after GC invocations=1826 (full 792):
 garbage-first heap   total 104448K, used 39506K [0x00000000c0000000, 0x0000000100000000)
  region size 1024K, 0 young (0K), 0 survivors (0K)
 Metaspace       used 61066K, committed 61632K, reserved 1114112K
  class space    used 7653K, committed 7936K, reserved 1048576K
}
Event: 15884.572 GC heap before
{Heap before GC invocations=1826 (full 792):
 garbage-first heap   total 104448K, used 39506K [0x00000000c0000000, 0x0000000100000000)
  region size 1024K, 1 young (1024K), 0 survivors (0K)
 Metaspace       used 61066K, committed 61632K, reserved 1114112K
  class space    used 7653K, committed 7936K, reserved 1048576K
}
Event: 15884.607 GC heap after
{Heap after GC invocations=1827 (full 793):
 garbage-first heap   total 104448K, used 39506K [0x00000000c0000000, 0x0000000100000000)
  region size 1024K, 0 young (0K), 0 survivors (0K)
 Metaspace       used 61066K, committed 61632K, reserved 1114112K
  class space    used 7653K, committed 7936K, reserved 1048576K
}
Event: 15894.702 GC heap before
{Heap before GC invocations=1827 (full 793):
 garbage-first heap   total 104448K, used 39506K [0x00000000c0000000, 0x0000000100000000)
  region size 1024K, 1 young (1024K), 0 survivors (0K)
 Metaspace       used 61066K, committed 61632K, reserved 1114112K
  class space    used 7653K, committed 7936K, reserved 1048576K
}
Event: 15894.738 GC heap after
{Heap after GC invocations=1828 (full 794):
 garbage-first heap   total 104448K, used 39506K [0x00000000c0000000, 0x0000000100000000)
  region size 1024K, 0 young (0K), 0 survivors (0K)
 Metaspace       used 61066K, committed 61632K, reserved 1114112K
  class space    used 7653K, committed 7936K, reserved 1048576K
}
Event: 15904.815 GC heap before
{Heap before GC invocations=1828 (full 794):
 garbage-first heap   total 104448K, used 39506K [0x00000000c0000000, 0x0000000100000000)
  region size 1024K, 1 young (1024K), 0 survivors (0K)
 Metaspace       used 61066K, committed 61632K, reserved 1114112K
  class space    used 7653K, committed 7936K, reserved 1048576K
}
Event: 15904.851 GC heap after
{Heap after GC invocations=1829 (full 795):
 garbage-first heap   total 104448K, used 39506K [0x00000000c0000000, 0x0000000100000000)
  region size 1024K, 0 young (0K), 0 survivors (0K)
 Metaspace       used 61066K, committed 61632K, reserved 1114112K
  class space    used 7653K, committed 7936K, reserved 1048576K
}
Event: 15914.928 GC heap before
{Heap before GC invocations=1829 (full 795):
 garbage-first heap   total 104448K, used 39506K [0x00000000c0000000, 0x0000000100000000)
  region size 1024K, 1 young (1024K), 0 survivors (0K)
 Metaspace       used 61066K, committed 61632K, reserved 1114112K
  class space    used 7653K, committed 7936K, reserved 1048576K
}
Event: 15914.968 GC heap after
{Heap after GC invocations=1830 (full 796):
 garbage-first heap   total 104448K, used 39506K [0x00000000c0000000, 0x0000000100000000)
  region size 1024K, 0 young (0K), 0 survivors (0K)
 Metaspace       used 61066K, committed 61632K, reserved 1114112K
  class space    used 7653K, committed 7936K, reserved 1048576K
}
Event: 15925.056 GC heap before
{Heap before GC invocations=1830 (full 796):
 garbage-first heap   total 104448K, used 39506K [0x00000000c0000000, 0x0000000100000000)
  region size 1024K, 1 young (1024K), 0 survivors (0K)
 Metaspace       used 61066K, committed 61632K, reserved 1114112K
  class space    used 7653K, committed 7936K, reserved 1048576K
}
Event: 15925.092 GC heap after
{Heap after GC invocations=1831 (full 797):
 garbage-first heap   total 104448K, used 39506K [0x00000000c0000000, 0x0000000100000000)
  region size 1024K, 0 young (0K), 0 survivors (0K)
 Metaspace       used 61066K, committed 61632K, reserved 1114112K
  class space    used 7653K, committed 7936K, reserved 1048576K
}

